# JRE version: Java(TM) SE Runtime Environment (8.0_91-b14) (build 1.8.0_91-b14)
# Java VM: Java HotSpot(TM) 64-Bit Server VM (25.91-b14 mixed mode linux-amd64 compressed oops)
Heap:
 PSYoungGen      total 113152K, used 22521K [0x00000000d6780000, 0x00000000dfc00000, 0x0000000100000000)
  eden space 103936K, 13% used [0x00000000d6780000,0x00000000d74db1b8,0x00000000dcd00000)
  from space 9216K, 95% used [0x00000000df300000,0x00000000dfba3250,0x00000000dfc00000)
  to   space 12288K, 0% used [0x00000000de400000,0x00000000de400000,0x00000000df000000)
 ParOldGen       total 62976K, used 11977K [0x0000000083600000, 0x0000000087380000, 0x00000000d6780000)
  object space 62976K, 19% used [0x0000000083600000,0x00000000841b26c0,0x0000000087380000)
 Metaspace       used 29693K, capacity 29974K, committed 30128K, reserved 1075200K
  class space    used 3606K, capacity 3699K, committed 3760K, reserved 1048576K
GC Heap History (10 events):
Event: 2.008 GC heap before
{Heap before GC invocations=3 (full 0):
 PSYoungGen      total 37888K, used 37271K [0x00000000d6780000, 0x00000000db180000, 0x0000000100000000)
  eden space 32768K, 100% used [0x00000000d6780000,0x00000000d8780000,0x00000000d8780000)
  from space 5120K, 87% used [0x00000000d8c80000,0x00000000d90e5ff8,0x00000000d9180000)
  to   space 5120K, 0% used [0x00000000d8780000,0x00000000d8780000,0x00000000d8c80000)
 ParOldGen       total 86016K, used 16K [0x0000000083600000, 0x0000000088a00000, 0x00000000d6780000)
  object space 86016K, 0% used [0x0000000083600000,0x0000000083604000,0x0000000088a00000)
 Metaspace       used 12471K, capacity 12622K, committed 12928K, reserved 1060864K
  class space    used 1514K, capacity 1569K, committed 1664K, reserved 1048576K
Event: 2.014 GC heap after
Heap after GC invocations=3 (full 0):
 PSYoungGen      total 37888K, used 4918K [0x00000000d6780000, 0x00000000db180000, 0x0000000100000000)
  eden space 32768K, 0% used [0x00000000d6780000,0x00000000d6780000,0x00000000d8780000)
  from space 5120K, 96% used [0x00000000d8780000,0x00000000d8c4dbf8,0x00000000d8c80000)
  to   space 5120K, 0% used [0x00000000dac80000,0x00000000dac80000,0x00000000db180000)
 ParOldGen       total 86016K, used 24K [0x0000000083600000, 0x0000000088a00000, 0x00000000d6780000)
  object space 86016K, 0% used [0x0000000083600000,0x0000000083606000,0x0000000088a00000)
 Metaspace       used 12471K, capacity 12622K, committed 12928K, reserved 1060864K
  class space    used 1514K, capacity 1569K, committed 1664K, reserved 1048576K
}
Event: 2.505 GC heap before
{Heap before GC invocations=4 (full 0):
 PSYoungGen      total 37888K, used 37686K [0x00000000d6780000, 0x00000000db180000, 0x0000000100000000)
  eden space 32768K, 100% used [0x00000000d6780000,0x00000000d8780000,0x00000000d8780000)
  from space 5120K, 96% used [0x00000000d8780000,0x00000000d8c4dbf8,0x00000000d8c80000)
  to   space 5120K, 0% used [0x00000000dac80000,0x00000000dac80000,0x00000000db180000)
 ParOldGen       total 86016K, used 24K [0x0000000083600000, 0x0000000088a00000, 0x00000000d6780000)
  object space 86016K, 0% used [0x0000000083600000,0x0000000083606000,0x0000000088a00000)
 Metaspace       used 18325K, capacity 18524K, committed 18688K, reserved 1064960K
  class space    used 2235K, capacity 2286K, committed 2304K, reserved 1048576K
Event: 2.517 GC heap after
Heap after GC invocations=4 (full 0):
 PSYoungGen      total 70656K, used 5088K [0x00000000d6780000, 0x00000000db180000, 0x0000000100000000)
  eden space 65536K, 0% used [0x00000000d6780000,0x00000000d6780000,0x00000000da780000)
  from space 5120K, 99% used [0x00000000dac80000,0x00000000db178040,0x00000000db180000)
  to   space 5120K, 0% used [0x00000000da780000,0x00000000da780000,0x00000000dac80000)
 ParOldGen       total 86016K, used 2885K [0x0000000083600000, 0x0000000088a00000, 0x00000000d6780000)
  object space 86016K, 3% used [0x0000000083600000,0x00000000838d1460,0x0000000088a00000)
 Metaspace       used 18325K, capacity 18524K, committed 18688K, reserved 1064960K
  class space    used 2235K, capacity 2286K, committed 2304K, reserved 1048576K
}
Event: 3.176 GC heap before
{Heap before GC invocations=5 (full 0):
 PSYoungGen      total 70656K, used 52840K [0x00000000d6780000, 0x00000000db180000, 0x0000000100000000)
  eden space 65536K, 72% used [0x00000000d6780000,0x00000000d96220b0,0x00000000da780000)
  from space 5120K, 99% used [0x00000000dac80000,0x00000000db178040,0x00000000db180000)
  to   space 5120K, 0% used [0x00000000da780000,0x00000000da780000,0x00000000dac80000)
 ParOldGen       total 86016K, used 2885K [0x0000000083600000, 0x0000000088a00000, 0x00000000d6780000)
  object space 86016K, 3% used [0x0000000083600000,0x00000000838d1460,0x0000000088a00000)
 Metaspace       used 21078K, capacity 21234K, committed 21296K, reserved 1069056K
  class space    used 2550K, capacity 2583K, committed 2608K, reserved 1048576K
Event: 3.234 GC heap after
Heap after GC invocations=5 (full 0):
 PSYoungGen      total 70656K, used 5106K [0x00000000d6780000, 0x00000000dfe80000, 0x0000000100000000)
  eden space 65536K, 0% used [0x00000000d6780000,0x00000000d6780000,0x00000000da780000)
  from space 5120K, 99% used [0x00000000da780000,0x00000000dac7c830,0x00000000dac80000)
  to   space 11776K, 0% used [0x00000000df300000,0x00000000df300000,0x00000000dfe80000)
 ParOldGen       total 86016K, used 9716K [0x0000000083600000, 0x0000000088a00000, 0x00000000d6780000)
  object space 86016K, 11% used [0x0000000083600000,0x0000000083f7d2b8,0x0000000088a00000)
 Metaspace       used 21078K, capacity 21234K, committed 21296K, reserved 1069056K
  class space    used 2550K, capacity 2583K, committed 2608K, reserved 1048576K
}
Event: 3.234 GC heap before
{Heap before GC invocations=6 (full 1):
 PSYoungGen      total 70656K, used 5106K [0x00000000d6780000, 0x00000000dfe80000, 0x0000000100000000)
  eden space 65536K, 0% used [0x00000000d6780000,0x00000000d6780000,0x00000000da780000)
  from space 5120K, 99% used [0x00000000da780000,0x00000000dac7c830,0x00000000dac80000)
  to   space 11776K, 0% used [0x00000000df300000,0x00000000df300000,0x00000000dfe80000)
 ParOldGen       total 86016K, used 9716K [0x0000000083600000, 0x0000000088a00000, 0x00000000d6780000)
  object space 86016K, 11% used [0x0000000083600000,0x0000000083f7d2b8,0x0000000088a00000)
 Metaspace       used 21078K, capacity 21234K, committed 21296K, reserved 1069056K
  class space    used 2550K, capacity 2583K, committed 2608K, reserved 1048576K
Event: 3.295 GC heap after
Heap after GC invocations=6 (full 1):
 PSYoungGen      total 70656K, used 0K [0x00000000d6780000, 0x00000000dfe80000, 0x0000000100000000)
  eden space 65536K, 0% used [0x00000000d6780000,0x00000000d6780000,0x00000000da780000)
  from space 5120K, 0% used [0x00000000da780000,0x00000000da780000,0x00000000dac80000)
  to   space 11776K, 0% used [0x00000000df300000,0x00000000df300000,0x00000000dfe80000)
 ParOldGen       total 62976K, used 11969K [0x0000000083600000, 0x0000000087380000, 0x00000000d6780000)
  object space 62976K, 19% used [0x0000000083600000,0x00000000841b06c0,0x0000000087380000)
 Metaspace       used 21078K, capacity 21234K, committed 21296K, reserved 1069056K
  class space    used 2550K, capacity 2583K, committed 2608K, reserved 1048576K
}
Event: 5387.338 GC heap before
{Heap before GC invocations=7 (full 1):
 PSYoungGen      total 70656K, used 65536K [0x00000000d6780000, 0x00000000dfe80000, 0x0000000100000000)
  eden space 65536K, 100% used [0x00000000d6780000,0x00000000da780000,0x00000000da780000)
  from space 5120K, 0% used [0x00000000da780000,0x00000000da780000,0x00000000dac80000)
  to   space 11776K, 0% used [0x00000000df300000,0x00000000df300000,0x00000000dfe80000)
 ParOldGen       total 62976K, used 11969K [0x0000000083600000, 0x0000000087380000, 0x00000000d6780000)
  object space 62976K, 19% used [0x0000000083600000,0x00000000841b06c0,0x0000000087380000)
 Metaspace       used 28307K, capacity 28630K, committed 28976K, reserved 1075200K
  class space    used 3421K, capacity 3507K, committed 3632K, reserved 1048576K
Event: 5398.986 GC heap after
Heap after GC invocations=7 (full 1):
 PSYoungGen      total 113152K, used 8844K [0x00000000d6780000, 0x00000000dfc00000, 0x0000000100000000)
  eden space 103936K, 0% used [0x00000000d6780000,0x00000000d6780000,0x00000000dcd00000)
  from space 9216K, 95% used [0x00000000df300000,0x00000000dfba3250,0x00000000dfc00000)
  to   space 12288K, 0% used [0x00000000de400000,0x00000000de400000,0x00000000df000000)
 ParOldGen       total 62976K, used 11977K [0x0000000083600000, 0x0000000087380000, 0x00000000d6780000)
  object space 62976K, 19% used [0x0000000083600000,0x00000000841b26c0,0x0000000087380000)
 Metaspace       used 28307K, capacity 28630K, committed 28976K, reserved 1075200K
  class space    used 3421K, capacity 3507K, committed 3632K, reserved 1048576K
}

