# JRE version: Java(TM) SE Runtime Environment (8.0_91-b14) (build 1.8.0_91-b14)
# Java VM: Java HotSpot(TM) 64-Bit Server VM (25.91-b14 mixed mode linux-amd64 compressed oops)
Heap:
 PSYoungGen      total 48640K, used 32611K [0x00000000d6780000, 0x00000000db500000, 0x0000000100000000)
  eden space 47616K, 66% used [0x00000000d6780000,0x00000000d8698fc8,0x00000000d9600000)
  from space 1024K, 75% used [0x00000000db400000,0x00000000db4c0000,0x00000000db500000)
  to   space 12288K, 0% used [0x00000000d9d00000,0x00000000d9d00000,0x00000000da900000)
 ParOldGen       total 64000K, used 20646K [0x0000000083600000, 0x0000000087480000, 0x00000000d6780000)
  object space 64000K, 32% used [0x0000000083600000,0x0000000084a29800,0x0000000087480000)
 Metaspace       used 30370K, capacity 30684K, committed 31024K, reserved 1077248K
  class space    used 3543K, capacity 3622K, committed 3632K, reserved 1048576K
GC Heap History (10 events):
Event: 10.153 GC heap before
{Heap before GC invocations=7 (full 1):
 PSYoungGen      total 40960K, used 6240K [0x00000000d6780000, 0x00000000d9a80000, 0x0000000100000000)
  eden space 31744K, 0% used [0x00000000d6780000,0x00000000d6780000,0x00000000d8680000)
  from space 9216K, 67% used [0x00000000d9180000,0x00000000d9798140,0x00000000d9a80000)
  to   space 10240K, 0% used [0x00000000d8680000,0x00000000d8680000,0x00000000d9080000)
 ParOldGen       total 86016K, used 7867K [0x0000000083600000, 0x0000000088a00000, 0x00000000d6780000)
  object space 86016K, 9% used [0x0000000083600000,0x0000000083daec68,0x0000000088a00000)
 Metaspace       used 21058K, capacity 21232K, committed 21296K, reserved 1069056K
  class space    used 2512K, capacity 2592K, committed 2608K, reserved 1048576K
Event: 10.217 GC heap after
Heap after GC invocations=7 (full 1):
 PSYoungGen      total 40960K, used 0K [0x00000000d6780000, 0x00000000d9a80000, 0x0000000100000000)
  eden space 31744K, 0% used [0x00000000d6780000,0x00000000d6780000,0x00000000d8680000)
  from space 9216K, 0% used [0x00000000d9180000,0x00000000d9180000,0x00000000d9a80000)
  to   space 10240K, 0% used [0x00000000d8680000,0x00000000d8680000,0x00000000d9080000)
 ParOldGen       total 64000K, used 12475K [0x0000000083600000, 0x0000000087480000, 0x00000000d6780000)
  object space 64000K, 19% used [0x0000000083600000,0x000000008422ec78,0x0000000087480000)
 Metaspace       used 21058K, capacity 21232K, committed 21296K, reserved 1069056K
  class space    used 2512K, capacity 2592K, committed 2608K, reserved 1048576K
}
Event: 12.366 GC heap before
{Heap before GC invocations=8 (full 1):
 PSYoungGen      total 40960K, used 31744K [0x00000000d6780000, 0x00000000d9a80000, 0x0000000100000000)
  eden space 31744K, 100% used [0x00000000d6780000,0x00000000d8680000,0x00000000d8680000)
  from space 9216K, 0% used [0x00000000d9180000,0x00000000d9180000,0x00000000d9a80000)
  to   space 10240K, 0% used [0x00000000d8680000,0x00000000d8680000,0x00000000d9080000)
 ParOldGen       total 64000K, used 12475K [0x0000000083600000, 0x0000000087480000, 0x00000000d6780000)
  object space 64000K, 19% used [0x0000000083600000,0x000000008422ec78,0x0000000087480000)
 Metaspace       used 25732K, capacity 26038K, committed 26288K, reserved 1073152K
  class space    used 3112K, capacity 3191K, committed 3248K, reserved 1048576K
Event: 12.372 GC heap after
Heap after GC invocations=8 (full 1):
 PSYoungGen      total 41984K, used 7960K [0x00000000d6780000, 0x00000000dac00000, 0x0000000100000000)
  eden space 31744K, 0% used [0x00000000d6780000,0x00000000d6780000,0x00000000d8680000)
  from space 10240K, 77% used [0x00000000d8680000,0x00000000d8e46188,0x00000000d9080000)
  to   space 10240K, 0% used [0x00000000da200000,0x00000000da200000,0x00000000dac00000)
 ParOldGen       total 64000K, used 12483K [0x0000000083600000, 0x0000000087480000, 0x00000000d6780000)
  object space 64000K, 19% used [0x0000000083600000,0x0000000084230c78,0x0000000087480000)
 Metaspace       used 25732K, capacity 26038K, committed 26288K, reserved 1073152K
  class space    used 3112K, capacity 3191K, committed 3248K, reserved 1048576K
}
Event: 12.917 GC heap before
{Heap before GC invocations=9 (full 1):
 PSYoungGen      total 41984K, used 39704K [0x00000000d6780000, 0x00000000dac00000, 0x0000000100000000)
  eden space 31744K, 100% used [0x00000000d6780000,0x00000000d8680000,0x00000000d8680000)
  from space 10240K, 77% used [0x00000000d8680000,0x00000000d8e46188,0x00000000d9080000)
  to   space 10240K, 0% used [0x00000000da200000,0x00000000da200000,0x00000000dac00000)
 ParOldGen       total 64000K, used 12483K [0x0000000083600000, 0x0000000087480000, 0x00000000d6780000)
  object space 64000K, 19% used [0x0000000083600000,0x0000000084230c78,0x0000000087480000)
 Metaspace       used 27298K, capacity 27636K, committed 28080K, reserved 1073152K
  class space    used 3305K, capacity 3420K, committed 3504K, reserved 1048576K
Event: 12.934 GC heap after
Heap after GC invocations=9 (full 1):
 PSYoungGen      total 58880K, used 9136K [0x00000000d6780000, 0x00000000db180000, 0x0000000100000000)
  eden space 48640K, 0% used [0x00000000d6780000,0x00000000d6780000,0x00000000d9700000)
  from space 10240K, 89% used [0x00000000da200000,0x00000000daaec188,0x00000000dac00000)
  to   space 11264K, 0% used [0x00000000d9700000,0x00000000d9700000,0x00000000da200000)
 ParOldGen       total 64000K, used 12491K [0x0000000083600000, 0x0000000087480000, 0x00000000d6780000)
  object space 64000K, 19% used [0x0000000083600000,0x0000000084232c78,0x0000000087480000)
 Metaspace       used 27298K, capacity 27636K, committed 28080K, reserved 1073152K
  class space    used 3305K, capacity 3420K, committed 3504K, reserved 1048576K
}
Event: 1783.732 GC heap before
{Heap before GC invocations=10 (full 1):
 PSYoungGen      total 58880K, used 57776K [0x00000000d6780000, 0x00000000db180000, 0x0000000100000000)
  eden space 48640K, 100% used [0x00000000d6780000,0x00000000d9700000,0x00000000d9700000)
  from space 10240K, 89% used [0x00000000da200000,0x00000000daaec188,0x00000000dac00000)
  to   space 11264K, 0% used [0x00000000d9700000,0x00000000d9700000,0x00000000da200000)
 ParOldGen       total 64000K, used 12491K [0x0000000083600000, 0x0000000087480000, 0x00000000d6780000)
  object space 64000K, 19% used [0x0000000083600000,0x0000000084232c78,0x0000000087480000)
 Metaspace       used 29771K, capacity 30140K, committed 30512K, reserved 1077248K
  class space    used 3486K, capacity 3590K, committed 3632K, reserved 1048576K
Event: 1784.497 GC heap after
Heap after GC invocations=10 (full 1):
 PSYoungGen      total 59904K, used 9690K [0x00000000d6780000, 0x00000000dbf80000, 0x0000000100000000)
  eden space 48640K, 0% used [0x00000000d6780000,0x00000000d6780000,0x00000000d9700000)
  from space 11264K, 86% used [0x00000000d9700000,0x00000000da076960,0x00000000da200000)
  to   space 11776K, 0% used [0x00000000db400000,0x00000000db400000,0x00000000dbf80000)
 ParOldGen       total 64000K, used 12499K [0x0000000083600000, 0x0000000087480000, 0x00000000d6780000)
  object space 64000K, 19% used [0x0000000083600000,0x0000000084234c78,0x0000000087480000)
 Metaspace       used 29771K, capacity 30140K, committed 30512K, reserved 1077248K
  class space    used 3486K, capacity 3590K, committed 3632K, reserved 1048576K
}
Event: 4052.729 GC heap before
{Heap before GC invocations=11 (full 1):
 PSYoungGen      total 59904K, used 58330K [0x00000000d6780000, 0x00000000dbf80000, 0x0000000100000000)
  eden space 48640K, 100% used [0x00000000d6780000,0x00000000d9700000,0x00000000d9700000)
  from space 11264K, 86% used [0x00000000d9700000,0x00000000da076960,0x00000000da200000)
  to   space 11776K, 0% used [0x00000000db400000,0x00000000db400000,0x00000000dbf80000)
 ParOldGen       total 64000K, used 12499K [0x0000000083600000, 0x0000000087480000, 0x00000000d6780000)
  object space 64000K, 19% used [0x0000000083600000,0x0000000084234c78,0x0000000087480000)
 Metaspace       used 29900K, capacity 30268K, committed 30512K, reserved 1077248K
  class space    used 3486K, capacity 3590K, committed 3632K, reserved 1048576K
Event: 4053.504 GC heap after
Heap after GC invocations=11 (full 1):
 PSYoungGen      total 48640K, used 768K [0x00000000d6780000, 0x00000000db500000, 0x0000000100000000)
  eden space 47616K, 0% used [0x00000000d6780000,0x00000000d6780000,0x00000000d9600000)
  from space 1024K, 75% used [0x00000000db400000,0x00000000db4c0000,0x00000000db500000)
  to   space 12288K, 0% used [0x00000000d9d00000,0x00000000d9d00000,0x00000000da900000)
 ParOldGen       total 64000K, used 20646K [0x0000000083600000, 0x0000000087480000, 0x00000000d6780000)
  object space 64000K, 32% used [0x0000000083600000,0x0000000084a29800,0x0000000087480000)
 Metaspace       used 29900K, capacity 30268K, committed 30512K, reserved 1077248K
  class space    used 3486K, capacity 3590K, committed 3632K, reserved 1048576K
}

